> load "simplify-6T15-[5,3,3]-51-33-3111-g0.m";
Loading "simplify-6T15-[5,3,3]-51-33-3111-g0.m"
> Attach("min_red_binary_form.m");
> F<t> := FunctionField(Rationals());
> phi := F!phi1;
> phi;
(2187/856*t^6 + 729/107*t^5)/(t^6 + 1092/107*t^5 + 2640/107*t^4 - 4160/107*t^3 -
    15360/107*t^2 + 12288/107*t + 32768/107)
> P1<u,v> := ProjectiveSpace(Rationals(), 1);
> endo := map<P1 -> P1 | [Evaluate(phi, u/v), 1]>;
> endo;
Mapping from: Prj: P1 to Prj: P1
with equations :
2187/856*u^6 + 729/107*u^5*v
u^6 + 1092/107*u^5*v + 2640/107*u^4*v^2 - 4160/107*u^3*v^3 - 15360/107*u^2*v^4 +
    12288/107*u*v^5 + 32768/107*v^6
> ImproveParametrization(endo);
Mapping from: Prj: P1 to Prj: P1
with equations :
-3*u*v^5 + v^6
u^6 + 3*u^5*v - 5*u^3*v^3
> phi_new := Evaluate(pols[1], [t,1])/Evaluate(pols[2], [t,1]) where pols := D\
efiningPolynomials($1);
> phi_new;
(-3*t + 1)/(t^6 + 3*t^5 - 5*t^3)
>
> load "simplify-8T50-[15,4,6]-53-41111-332-g0.m";
Loading "simplify-8T50-[15,4,6]-53-41111-332-g0.m"
> phi := F!phi1; phi;
(25769803776/15503020819*t^8 + 28991029248/5962700315*t^7 +
    10871635968/2293346275*t^6 + 17666408448/11466731375*t^5)/(t^8 +
    2872/2255*t^7 - 11697572/5085025*t^6 - 39628265976/11466731375*t^5 +
    3050155602/2293346275*t^4 + 1434570696/458669255*t^3 +
    638509716/2293346275*t^2 - 2165380776/2293346275*t - 3518743761/11466731375)
> endo := map<P1 -> P1 | [Evaluate(phi, u/v), 1]>;
> ImproveParametrization(endo);
Mapping from: Prj: P1 to Prj: P1
with equations :
-125*u^8 - 800*u^7*v - 1040*u^6*v^2 + 2816*u^5*v^3 + 6560*u^4*v^4 - 2560*u^3*v^5
    - 11520*u^2*v^6 + 6912*v^8
2048*u^5*v^3 + 5120*u^4*v^4 - 2560*u^3*v^5 - 11520*u^2*v^6 + 6912*v^8
> phi_new := Evaluate(pols[1], [t,1])/Evaluate(pols[2], [t,1]) where pols := D\
efiningPolynomials($1);
> phi_new;
(-125/2048*t^8 - 25/64*t^7 - 65/128*t^6 + 11/8*t^5 + 205/64*t^4 - 5/4*t^3 -
    45/8*t^2 + 27/8)/(t^5 + 5/2*t^4 - 5/4*t^3 - 45/8*t^2 + 27/8)
>
> load "simplify-9T33-[15,2,3]-531-22221-333-g0.m";
Loading "simplify-9T33-[15,2,3]-531-22221-333-g0.m"
> phi := F!phi1; phi;
(3907728690905088/2330893793052469*t^9 -
    201422985413787648/25639831723577159*t^8 +
    1225331101309206528/282038148959348749*t^7 +
    6660213142693036032/282038148959348749*t^6 -
    976091237245790502912/34126616024081198629*t^5)/(t^9 - 15657849/1458479*t^8
    + 58886101150596/2127160993441*t^7 + 217227527587177408716/3102419638552836\
    239*t^6 - 12908824406341279667946/34126616024081198629*t^5 +
    31113672730730919022194/375392776264893184919*t^4 +
    6031066277465704170658596/4129320538913825034109*t^3 -
    59760465336627077369610756/45422525928052075375199*t^2 -
    82451939099384011559117769/45422525928052075375199*t +
    12083789741343056805164037479/5496125637294301120399079)
> endo := map<P1 -> P1 | [Evaluate(phi, u/v), 1]>;
> ImproveParametrization(endo);
Mapping from: Prj: P1 to Prj: P1
with equations :
2916*u^9 + 9477*u^8*v + 6804*u^7*v^2 - 4752*u^6*v^3 - 5184*u^5*v^4
800*u^9 + 7200*u^8*v + 21600*u^7*v^2 + 15600*u^6*v^3 - 36000*u^5*v^4 -
    54000*u^4*v^5 + 15000*u^3*v^6 + 45000*u^2*v^7 - 12500*v^9
> phi_new := Evaluate(pols[1], [t,1])/Evaluate(pols[2], [t,1]) where pols := D\
efiningPolynomials($1);
> phi_new;
(729/200*t^9 + 9477/800*t^8 + 1701/200*t^7 - 297/50*t^6 - 162/25*t^5)/(t^9 +
    9*t^8 + 27*t^7 + 39/2*t^6 - 45*t^5 - 135/2*t^4 + 75/4*t^3 + 225/4*t^2 -
    125/8)
>
> Factorization(Numerator(phi_new));
[
    <x - 3/4, 1>,
    <x, 5>,
    <x + 4/3, 3>
]
> Factorization(Denominator(phi_new));
[
    <x^3 + 3*x^2 - 5/2, 3>
]
> Factorization(Numerator(phi_new) - Denominator(phi_new));
[
    <x + 5/4, 1>,
    <x^4 - 2/23*x^3 - 78/23*x^2 - 20/23*x + 50/23, 2>
]
> Factorization(Numerator(Derivative(phi_new)));
[
    <x, 4>,
    <x + 4/3, 2>,
    <x^4 - 2/23*x^3 - 78/23*x^2 - 20/23*x + 50/23, 1>
]
>

Total time: 0.539 seconds, Total memory usage: 32.09MB
